BinDiff 6 (@297836223, Feb 28 2020), (c)2004-2011 zynamics GmbH, (c)2011-2020 Google LLC.
Error: Could not load configuration file, skipping BinDiff plugin.
BinExport 11 (@297836223, Feb 28 2020), (c)2004-2011 zynamics GmbH, (c)2011-2020 Google LLC.
Possible file format: MS-DOS executable (EXE) (C:\Users\mbks\Desktop\goodprogram\IDAPro7.5\loaders\dos.dll)
Possible file format: Portable executable for AMD64 (PE) (C:\Users\mbks\Desktop\goodprogram\IDAPro7.5\loaders\pe.dll)

  bytes   pages size description
--------- ----- ---- --------------------------------------------
  3055616   373 8192 allocating memory for b-tree...
  3055616   373 8192 allocating memory for virtual array...
   262144    32 8192 allocating memory for name pointers...
-----------------------------------------------------------------
  6373376            total memory allocated

Loading file 'C:\Users\mbks\Desktop\goodprogram\comparator\get_statistic\compiling_database_files\kernel32.dll' into database...
Detected file format: Portable executable for AMD64 (PE)
Please use 64-bit IDA to load PE+ files -> OK
BinDiff 6 (@297836223, Feb 28 2020), (c)2004-2011 zynamics GmbH, (c)2011-2020 Google LLC.
Error: Could not load configuration file, skipping BinDiff plugin.
BinExport 11 (@297836223, Feb 28 2020), (c)2004-2011 zynamics GmbH, (c)2011-2020 Google LLC.
Possible file format: MS-DOS executable (EXE) (C:\Users\mbks\Desktop\goodprogram\IDAPro7.5\loaders\dos.dll)
Possible file format: Portable executable for AMD64 (PE) (C:\Users\mbks\Desktop\goodprogram\IDAPro7.5\loaders\pe.dll)

  bytes   pages size description
--------- ----- ---- --------------------------------------------
  3055616   373 8192 allocating memory for b-tree...
  3055616   373 8192 allocating memory for virtual array...
   262144    32 8192 allocating memory for name pointers...
-----------------------------------------------------------------
  6373376            total memory allocated

Loading file 'C:\Users\mbks\Desktop\goodprogram\comparator\get_statistic\compiling_database_files\kernel32.dll' into database...
Detected file format: Portable executable for AMD64 (PE)
Please use 64-bit IDA to load PE+ files -> OK
BinDiff 6 (@297836223, Feb 28 2020), (c)2004-2011 zynamics GmbH, (c)2011-2020 Google LLC.
Error: Could not load configuration file, skipping BinDiff plugin.
BinExport 11 (@297836223, Feb 28 2020), (c)2004-2011 zynamics GmbH, (c)2011-2020 Google LLC.
Possible file format: MS-DOS executable (EXE) (C:\Users\mbks\Desktop\goodprogram\IDAPro7.5\loaders\dos64.dll)
Possible file format: Portable executable for AMD64 (PE) (C:\Users\mbks\Desktop\goodprogram\IDAPro7.5\loaders\pe64.dll)

  bytes   pages size description
--------- ----- ---- --------------------------------------------
  3055616   373 8192 allocating memory for b-tree...
  3055616   373 8192 allocating memory for virtual array...
   262144    32 8192 allocating memory for name pointers...
-----------------------------------------------------------------
  6373376            total memory allocated

Loading file 'C:\Users\mbks\Desktop\goodprogram\comparator\get_statistic\compiling_database_files\kernel32.dll' into database...
Detected file format: Portable executable for AMD64 (PE)
Loading processor module C:\Users\mbks\Desktop\goodprogram\IDAPro7.5\procs\pc64.dll for metapc...Initializing processor module metapc...OK
Autoanalysis subsystem has been initialized.
  0. Creating a new segment  (0000000180001000-000000018007F000) ... ... OK
  1. Creating a new segment  (000000018007F000-00000001800B2000) ... ... OK
  2. Creating a new segment  (00000001800B2000-00000001800B4000) ... ... OK
  3. Creating a new segment  (00000001800B4000-00000001800BA000) ... ... OK
  4. Creating a new segment  (00000001800BA000-00000001800BB000) ... ... OK
Reading exports directory...
Reading imports directory...
  5. Creating a new segment  (0000000180000000-0000000180001000) ... ... OK
Reading exception directory (.pdata)...
Applying fixups...
  6. Creating a new segment  (0000000180083210-00000001800B2000) ... ... OK
  7. Creating a new segment  (00000001800807C0-0000000180083210) ... ... OK
  8. Creating a new segment  (00000001800BA060-00000001800BB000) ... ... OK
The input file was linked with debug information
 and the symbol filename is:
"kernel32.pdb"
Do you want to look for this file at the specified path
and the Microsoft Symbol Server?
 -> ~Y~es
PDB: using PDBIDA provider
PDB: downloading http://msdl.microsoft.com/download/symbols/kernel32.pdb/89C3B9FD1C796A0F430E0CEF0646F0031/kernel32.pdb => C:\Users\mbks\AppData\Local\Temp\ida\kernel32.pdb\89C3B9FD1C796A0F430E0CEF0646F0031\kernel32.pdb
PDB: loading C:\Users\mbks\AppData\Local\Temp\ida\kernel32.pdb\89C3B9FD1C796A0F430E0CEF0646F0031\kernel32.pdb
PDB: There is no type information
PDB: There is no IPI stream
Type library 'mssdk64_win7' loaded. Applying types...
Types applied to 2131 names.
PDB: loaded 0 types
PDB: total 4387 symbols loaded for "C:\Users\mbks\Desktop\goodprogram\comparator\get_statistic\compiling_database_files\kernel32.dll"
Unknown debug info type 20 in IMAGE_DEBUG_DIRECTORY
Plan  FLIRT signature: SEH for vc64 7-14
Type library 'ntapi64_win7' loaded. Applying types...
Types applied to 243 names.
Marking typical code sequences...
Flushing buffers, please wait...ok
File 'C:\Users\mbks\Desktop\goodprogram\comparator\get_statistic\compiling_database_files\kernel32.dll' has been successfully loaded into the database.
Hex-Rays Decompiler plugin has been loaded (v7.5.0.201028)
  License: 55-D87C-D50F-D6 IDA PRO 7.5 SP3 (99 users)
  The hotkeys are F5: decompile, Ctrl-F5: decompile all.
  Please check the Edit/Plugins menu for more informaton.
IDAPython Hex-Rays bindings initialized.
BinDiff 6 (@297836223, Feb 28 2020), (c)2004-2011 zynamics GmbH, (c)2011-2020 Google LLC.
Error: Could not load configuration file, skipping BinDiff plugin.
IDA is analysing the input file...
You may start to explore the input file right now.
Waiting for the end of the auto analysis...
Using FLIRT signature: SEH for vc64 7-14
Propagating type information...
Function argument information has been propagated
lumina: Invalid remote certificate
The initial autoanalysis has been finished.


------ Creating the output file.... --------
Note: the text contains characters (e.g., '↑') that cannot be encoded in "windows-1251". Those characters have been written as C-escaped Unicode codepoints.
All done, exiting...
Flushing buffers, please wait...ok
Unloading IDP module C:\Users\mbks\Desktop\goodprogram\IDAPro7.5\procs\pc64.dll...
BinDiff 6 (@297836223, Feb 28 2020), (c)2004-2011 zynamics GmbH, (c)2011-2020 Google LLC.
Error: Could not load configuration file, skipping BinDiff plugin.
BinExport 11 (@297836223, Feb 28 2020), (c)2004-2011 zynamics GmbH, (c)2011-2020 Google LLC.

  bytes   pages size description
--------- ----- ---- --------------------------------------------
  4997120   610 8192 allocating memory for b-tree...
  2990080   365 8192 allocating memory for virtual array...
   262144    32 8192 allocating memory for name pointers...
-----------------------------------------------------------------
  8249344            total memory allocated

Loading processor module C:\Users\mbks\Desktop\goodprogram\IDAPro7.5\procs\pc64.dll for metapc...Initializing processor module metapc...OK
Loading type libraries...
Autoanalysis subsystem has been initialized.
Database for file 'kernel32.dll' has been loaded.
Hex-Rays Decompiler plugin has been loaded (v7.5.0.201028)
  License: 55-D87C-D50F-D6 IDA PRO 7.5 SP3 (99 users)
  The hotkeys are F5: decompile, Ctrl-F5: decompile all.
  Please check the Edit/Plugins menu for more informaton.
IDAPython Hex-Rays bindings initialized.
BinDiff 6 (@297836223, Feb 28 2020), (c)2004-2011 zynamics GmbH, (c)2011-2020 Google LLC.
Error: Could not load configuration file, skipping BinDiff plugin.
[INFO] PostgreSQL connection open
[INFO] PostgreSQL connection closed
Flushing buffers, please wait...ok
Unloading IDP module C:\Users\mbks\Desktop\goodprogram\IDAPro7.5\procs\pc64.dll...
BinDiff 6 (@297836223, Feb 28 2020), (c)2004-2011 zynamics GmbH, (c)2011-2020 Google LLC.
Error: Could not load configuration file, skipping BinDiff plugin.
BinExport 11 (@297836223, Feb 28 2020), (c)2004-2011 zynamics GmbH, (c)2011-2020 Google LLC.

  bytes   pages size description
--------- ----- ---- --------------------------------------------
  4997120   610 8192 allocating memory for b-tree...
  2990080   365 8192 allocating memory for virtual array...
   262144    32 8192 allocating memory for name pointers...
-----------------------------------------------------------------
  8249344            total memory allocated

Loading processor module C:\Users\mbks\Desktop\goodprogram\IDAPro7.5\procs\pc64.dll for metapc...Initializing processor module metapc...OK
Loading type libraries...
Autoanalysis subsystem has been initialized.
Database for file 'kernel32.dll' has been loaded.
Hex-Rays Decompiler plugin has been loaded (v7.5.0.201028)
  License: 55-D87C-D50F-D6 IDA PRO 7.5 SP3 (99 users)
  The hotkeys are F5: decompile, Ctrl-F5: decompile all.
  Please check the Edit/Plugins menu for more informaton.
IDAPython Hex-Rays bindings initialized.
BinDiff 6 (@297836223, Feb 28 2020), (c)2004-2011 zynamics GmbH, (c)2011-2020 Google LLC.
Error: Could not load configuration file, skipping BinDiff plugin.
[INFO] PostgreSQL connection open
[INFO] PostgreSQL connection closed
Flushing buffers, please wait...ok
Unloading IDP module C:\Users\mbks\Desktop\goodprogram\IDAPro7.5\procs\pc64.dll...
BinDiff 6 (@297836223, Feb 28 2020), (c)2004-2011 zynamics GmbH, (c)2011-2020 Google LLC.
Error: Could not load configuration file, skipping BinDiff plugin.
BinExport 11 (@297836223, Feb 28 2020), (c)2004-2011 zynamics GmbH, (c)2011-2020 Google LLC.

  bytes   pages size description
--------- ----- ---- --------------------------------------------
  4997120   610 8192 allocating memory for b-tree...
  2990080   365 8192 allocating memory for virtual array...
   262144    32 8192 allocating memory for name pointers...
-----------------------------------------------------------------
  8249344            total memory allocated

Loading processor module C:\Users\mbks\Desktop\goodprogram\IDAPro7.5\procs\pc64.dll for metapc...Initializing processor module metapc...OK
Loading type libraries...
Autoanalysis subsystem has been initialized.
Database for file 'kernel32.dll' has been loaded.
Hex-Rays Decompiler plugin has been loaded (v7.5.0.201028)
  License: 55-D87C-D50F-D6 IDA PRO 7.5 SP3 (99 users)
  The hotkeys are F5: decompile, Ctrl-F5: decompile all.
  Please check the Edit/Plugins menu for more informaton.
IDAPython Hex-Rays bindings initialized.
BinDiff 6 (@297836223, Feb 28 2020), (c)2004-2011 zynamics GmbH, (c)2011-2020 Google LLC.
Error: Could not load configuration file, skipping BinDiff plugin.
[INFO] PostgreSQL connection open
[INFO] PostgreSQL connection closed
Flushing buffers, please wait...ok
Unloading IDP module C:\Users\mbks\Desktop\goodprogram\IDAPro7.5\procs\pc64.dll...
BinDiff 6 (@297836223, Feb 28 2020), (c)2004-2011 zynamics GmbH, (c)2011-2020 Google LLC.
Error: Could not load configuration file, skipping BinDiff plugin.
BinExport 11 (@297836223, Feb 28 2020), (c)2004-2011 zynamics GmbH, (c)2011-2020 Google LLC.

  bytes   pages size description
--------- ----- ---- --------------------------------------------
  4997120   610 8192 allocating memory for b-tree...
  2990080   365 8192 allocating memory for virtual array...
   262144    32 8192 allocating memory for name pointers...
-----------------------------------------------------------------
  8249344            total memory allocated

Loading processor module C:\Users\mbks\Desktop\goodprogram\IDAPro7.5\procs\pc64.dll for metapc...Initializing processor module metapc...OK
Loading type libraries...
Autoanalysis subsystem has been initialized.
Database for file 'kernel32.dll' has been loaded.
Hex-Rays Decompiler plugin has been loaded (v7.5.0.201028)
  License: 55-D87C-D50F-D6 IDA PRO 7.5 SP3 (99 users)
  The hotkeys are F5: decompile, Ctrl-F5: decompile all.
  Please check the Edit/Plugins menu for more informaton.
IDAPython Hex-Rays bindings initialized.
BinDiff 6 (@297836223, Feb 28 2020), (c)2004-2011 zynamics GmbH, (c)2011-2020 Google LLC.
Error: Could not load configuration file, skipping BinDiff plugin.
[INFO] PostgreSQL connection open
[INFO] PostgreSQL connection closed
Flushing buffers, please wait...ok
Unloading IDP module C:\Users\mbks\Desktop\goodprogram\IDAPro7.5\procs\pc64.dll...
BinDiff 6 (@297836223, Feb 28 2020), (c)2004-2011 zynamics GmbH, (c)2011-2020 Google LLC.
Error: Could not load configuration file, skipping BinDiff plugin.
BinExport 11 (@297836223, Feb 28 2020), (c)2004-2011 zynamics GmbH, (c)2011-2020 Google LLC.

  bytes   pages size description
--------- ----- ---- --------------------------------------------
  4997120   610 8192 allocating memory for b-tree...
  2990080   365 8192 allocating memory for virtual array...
   262144    32 8192 allocating memory for name pointers...
-----------------------------------------------------------------
  8249344            total memory allocated

Loading processor module C:\Users\mbks\Desktop\goodprogram\IDAPro7.5\procs\pc64.dll for metapc...Initializing processor module metapc...OK
Loading type libraries...
Autoanalysis subsystem has been initialized.
Database for file 'kernel32.dll' has been loaded.
Hex-Rays Decompiler plugin has been loaded (v7.5.0.201028)
  License: 55-D87C-D50F-D6 IDA PRO 7.5 SP3 (99 users)
  The hotkeys are F5: decompile, Ctrl-F5: decompile all.
  Please check the Edit/Plugins menu for more informaton.
IDAPython Hex-Rays bindings initialized.
BinDiff 6 (@297836223, Feb 28 2020), (c)2004-2011 zynamics GmbH, (c)2011-2020 Google LLC.
Error: Could not load configuration file, skipping BinDiff plugin.
[INFO] PostgreSQL connection open
[INFO] PostgreSQL connection closed
Flushing buffers, please wait...ok
Unloading IDP module C:\Users\mbks\Desktop\goodprogram\IDAPro7.5\procs\pc64.dll...
BinDiff 6 (@297836223, Feb 28 2020), (c)2004-2011 zynamics GmbH, (c)2011-2020 Google LLC.
Error: Could not load configuration file, skipping BinDiff plugin.
BinExport 11 (@297836223, Feb 28 2020), (c)2004-2011 zynamics GmbH, (c)2011-2020 Google LLC.

  bytes   pages size description
--------- ----- ---- --------------------------------------------
  4997120   610 8192 allocating memory for b-tree...
  2990080   365 8192 allocating memory for virtual array...
   262144    32 8192 allocating memory for name pointers...
-----------------------------------------------------------------
  8249344            total memory allocated

Loading processor module C:\Users\mbks\Desktop\goodprogram\IDAPro7.5\procs\pc64.dll for metapc...Initializing processor module metapc...OK
Loading type libraries...
Autoanalysis subsystem has been initialized.
Database for file 'kernel32.dll' has been loaded.
Hex-Rays Decompiler plugin has been loaded (v7.5.0.201028)
  License: 55-D87C-D50F-D6 IDA PRO 7.5 SP3 (99 users)
  The hotkeys are F5: decompile, Ctrl-F5: decompile all.
  Please check the Edit/Plugins menu for more informaton.
IDAPython Hex-Rays bindings initialized.
BinDiff 6 (@297836223, Feb 28 2020), (c)2004-2011 zynamics GmbH, (c)2011-2020 Google LLC.
Error: Could not load configuration file, skipping BinDiff plugin.
[DATABASE] PostgreSQL connection open
[DATABASE] PostgreSQL connection closed
Flushing buffers, please wait...ok
Unloading IDP module C:\Users\mbks\Desktop\goodprogram\IDAPro7.5\procs\pc64.dll...
BinDiff 6 (@297836223, Feb 28 2020), (c)2004-2011 zynamics GmbH, (c)2011-2020 Google LLC.
Error: Could not load configuration file, skipping BinDiff plugin.
BinExport 11 (@297836223, Feb 28 2020), (c)2004-2011 zynamics GmbH, (c)2011-2020 Google LLC.

  bytes   pages size description
--------- ----- ---- --------------------------------------------
  4997120   610 8192 allocating memory for b-tree...
  2990080   365 8192 allocating memory for virtual array...
   262144    32 8192 allocating memory for name pointers...
-----------------------------------------------------------------
  8249344            total memory allocated

Loading processor module C:\Users\mbks\Desktop\goodprogram\IDAPro7.5\procs\pc64.dll for metapc...Initializing processor module metapc...OK
Loading type libraries...
Autoanalysis subsystem has been initialized.
Database for file 'kernel32.dll' has been loaded.
Hex-Rays Decompiler plugin has been loaded (v7.5.0.201028)
  License: 55-D87C-D50F-D6 IDA PRO 7.5 SP3 (99 users)
  The hotkeys are F5: decompile, Ctrl-F5: decompile all.
  Please check the Edit/Plugins menu for more informaton.
IDAPython Hex-Rays bindings initialized.
BinDiff 6 (@297836223, Feb 28 2020), (c)2004-2011 zynamics GmbH, (c)2011-2020 Google LLC.
Error: Could not load configuration file, skipping BinDiff plugin.
[DATABASE] PostgreSQL connection open
[DATABASE] PostgreSQL connection closed
Flushing buffers, please wait...ok
Unloading IDP module C:\Users\mbks\Desktop\goodprogram\IDAPro7.5\procs\pc64.dll...
BinDiff 6 (@297836223, Feb 28 2020), (c)2004-2011 zynamics GmbH, (c)2011-2020 Google LLC.
Error: Could not load configuration file, skipping BinDiff plugin.
BinExport 11 (@297836223, Feb 28 2020), (c)2004-2011 zynamics GmbH, (c)2011-2020 Google LLC.

  bytes   pages size description
--------- ----- ---- --------------------------------------------
  4997120   610 8192 allocating memory for b-tree...
  2990080   365 8192 allocating memory for virtual array...
   262144    32 8192 allocating memory for name pointers...
-----------------------------------------------------------------
  8249344            total memory allocated

Loading processor module C:\Users\mbks\Desktop\goodprogram\IDAPro7.5\procs\pc64.dll for metapc...Initializing processor module metapc...OK
Loading type libraries...
Autoanalysis subsystem has been initialized.
Database for file 'kernel32.dll' has been loaded.
Hex-Rays Decompiler plugin has been loaded (v7.5.0.201028)
  License: 55-D87C-D50F-D6 IDA PRO 7.5 SP3 (99 users)
  The hotkeys are F5: decompile, Ctrl-F5: decompile all.
  Please check the Edit/Plugins menu for more informaton.
IDAPython Hex-Rays bindings initialized.
BinDiff 6 (@297836223, Feb 28 2020), (c)2004-2011 zynamics GmbH, (c)2011-2020 Google LLC.
Error: Could not load configuration file, skipping BinDiff plugin.
[DATABASE] PostgreSQL connection open
[DATABASE] PostgreSQL connection closed
Flushing buffers, please wait...ok
Unloading IDP module C:\Users\mbks\Desktop\goodprogram\IDAPro7.5\procs\pc64.dll...
BinDiff 6 (@297836223, Feb 28 2020), (c)2004-2011 zynamics GmbH, (c)2011-2020 Google LLC.
Error: Could not load configuration file, skipping BinDiff plugin.
BinExport 11 (@297836223, Feb 28 2020), (c)2004-2011 zynamics GmbH, (c)2011-2020 Google LLC.

  bytes   pages size description
--------- ----- ---- --------------------------------------------
  4997120   610 8192 allocating memory for b-tree...
  2990080   365 8192 allocating memory for virtual array...
   262144    32 8192 allocating memory for name pointers...
-----------------------------------------------------------------
  8249344            total memory allocated

Loading processor module C:\Users\mbks\Desktop\goodprogram\IDAPro7.5\procs\pc64.dll for metapc...Initializing processor module metapc...OK
Loading type libraries...
Autoanalysis subsystem has been initialized.
Database for file 'kernel32.dll' has been loaded.
Hex-Rays Decompiler plugin has been loaded (v7.5.0.201028)
  License: 55-D87C-D50F-D6 IDA PRO 7.5 SP3 (99 users)
  The hotkeys are F5: decompile, Ctrl-F5: decompile all.
  Please check the Edit/Plugins menu for more informaton.
IDAPython Hex-Rays bindings initialized.
BinDiff 6 (@297836223, Feb 28 2020), (c)2004-2011 zynamics GmbH, (c)2011-2020 Google LLC.
Error: Could not load configuration file, skipping BinDiff plugin.
[DATABASE] PostgreSQL connection open
C:\Users\mbks\Desktop\goodprogram\comparator\get_statistic\statistic.py: not all arguments converted during string formatting
Traceback (most recent call last):
  File "C:\Users\mbks\Desktop\goodprogram\IDAPro7.5\python\3\ida_idaapi.py", line 616, in IDAPython_ExecScript
    exec(code, g)
  File "C:/Users/mbks/Desktop/goodprogram/comparator/get_statistic/statistic.py", line 92, in <module>
    entry_point()
  File "C:/Users/mbks/Desktop/goodprogram/comparator/get_statistic/statistic.py", line 86, in entry_point
    db.insert_data_for_instruction(serializer_instructions(statistic_instructions, id_function))
  File "C:\Users/mbks/Desktop/goodprogram/comparator/get_statistic\StatisticDataBase.py", line 146, in insert_data_for_instruction
    cursor.execute(
TypeError: not all arguments converted during string formatting
 -> OK
Flushing buffers, please wait...ok
Unloading IDP module C:\Users\mbks\Desktop\goodprogram\IDAPro7.5\procs\pc64.dll...
BinDiff 6 (@297836223, Feb 28 2020), (c)2004-2011 zynamics GmbH, (c)2011-2020 Google LLC.
Error: Could not load configuration file, skipping BinDiff plugin.
BinExport 11 (@297836223, Feb 28 2020), (c)2004-2011 zynamics GmbH, (c)2011-2020 Google LLC.
IDA has found an unpacked version of database: C:\Users\mbks\Desktop\goodprogram\comparator\get_statistic\compiling_database_files\kernel32.i64
on the disk.

Should we proceed with the unpacked files?
 -> Pro~c~eed with unpacked base

  bytes   pages size description
--------- ----- ---- --------------------------------------------
  4997120   610 8192 allocating memory for b-tree...
  2990080   365 8192 allocating memory for virtual array...
   262144    32 8192 allocating memory for name pointers...
-----------------------------------------------------------------
  8249344            total memory allocated

Loading processor module C:\Users\mbks\Desktop\goodprogram\IDAPro7.5\procs\pc64.dll for metapc...Initializing processor module metapc...OK
Loading type libraries...
Autoanalysis subsystem has been initialized.
Database for file 'kernel32.dll' has been loaded.
Hex-Rays Decompiler plugin has been loaded (v7.5.0.201028)
  License: 55-D87C-D50F-D6 IDA PRO 7.5 SP3 (99 users)
  The hotkeys are F5: decompile, Ctrl-F5: decompile all.
  Please check the Edit/Plugins menu for more informaton.
IDAPython Hex-Rays bindings initialized.
BinDiff 6 (@297836223, Feb 28 2020), (c)2004-2011 zynamics GmbH, (c)2011-2020 Google LLC.
Error: Could not load configuration file, skipping BinDiff plugin.
[DATABASE] PostgreSQL connection open
C:\Users\mbks\Desktop\goodprogram\comparator\get_statistic\statistic.py: not all arguments converted during string formatting
Traceback (most recent call last):
  File "C:\Users\mbks\Desktop\goodprogram\IDAPro7.5\python\3\ida_idaapi.py", line 616, in IDAPython_ExecScript
    exec(code, g)
  File "C:/Users/mbks/Desktop/goodprogram/comparator/get_statistic/statistic.py", line 92, in <module>
    entry_point()
  File "C:/Users/mbks/Desktop/goodprogram/comparator/get_statistic/statistic.py", line 86, in entry_point
    db.insert_data_for_instruction(serializer_instructions(statistic_instructions, id_function))
  File "C:\Users/mbks/Desktop/goodprogram/comparator/get_statistic\StatisticDataBase.py", line 146, in insert_data_for_instruction
    cursor.execute(
TypeError: not all arguments converted during string formatting
 -> OK
Flushing buffers, please wait...ok
Unloading IDP module C:\Users\mbks\Desktop\goodprogram\IDAPro7.5\procs\pc64.dll...
BinDiff 6 (@297836223, Feb 28 2020), (c)2004-2011 zynamics GmbH, (c)2011-2020 Google LLC.
Error: Could not load configuration file, skipping BinDiff plugin.
BinExport 11 (@297836223, Feb 28 2020), (c)2004-2011 zynamics GmbH, (c)2011-2020 Google LLC.
IDA has found an unpacked version of database: C:\Users\mbks\Desktop\goodprogram\comparator\get_statistic\compiling_database_files\kernel32.i64
on the disk.

Should we proceed with the unpacked files?
 -> Pro~c~eed with unpacked base

  bytes   pages size description
--------- ----- ---- --------------------------------------------
  4997120   610 8192 allocating memory for b-tree...
  2990080   365 8192 allocating memory for virtual array...
   262144    32 8192 allocating memory for name pointers...
-----------------------------------------------------------------
  8249344            total memory allocated

Loading processor module C:\Users\mbks\Desktop\goodprogram\IDAPro7.5\procs\pc64.dll for metapc...Initializing processor module metapc...OK
Loading type libraries...
Autoanalysis subsystem has been initialized.
Database for file 'kernel32.dll' has been loaded.
Hex-Rays Decompiler plugin has been loaded (v7.5.0.201028)
  License: 55-D87C-D50F-D6 IDA PRO 7.5 SP3 (99 users)
  The hotkeys are F5: decompile, Ctrl-F5: decompile all.
  Please check the Edit/Plugins menu for more informaton.
IDAPython Hex-Rays bindings initialized.
BinDiff 6 (@297836223, Feb 28 2020), (c)2004-2011 zynamics GmbH, (c)2011-2020 Google LLC.
Error: Could not load configuration file, skipping BinDiff plugin.
[DATABASE] PostgreSQL connection open
[DATABASE] PostgreSQL connection closed
Flushing buffers, please wait...ok
Unloading IDP module C:\Users\mbks\Desktop\goodprogram\IDAPro7.5\procs\pc64.dll...
BinDiff 6 (@297836223, Feb 28 2020), (c)2004-2011 zynamics GmbH, (c)2011-2020 Google LLC.
Error: Could not load configuration file, skipping BinDiff plugin.
BinExport 11 (@297836223, Feb 28 2020), (c)2004-2011 zynamics GmbH, (c)2011-2020 Google LLC.

  bytes   pages size description
--------- ----- ---- --------------------------------------------
  4997120   610 8192 allocating memory for b-tree...
  2990080   365 8192 allocating memory for virtual array...
   262144    32 8192 allocating memory for name pointers...
-----------------------------------------------------------------
  8249344            total memory allocated

Loading processor module C:\Users\mbks\Desktop\goodprogram\IDAPro7.5\procs\pc64.dll for metapc...Initializing processor module metapc...OK
Loading type libraries...
Autoanalysis subsystem has been initialized.
Database for file 'kernel32.dll' has been loaded.
Hex-Rays Decompiler plugin has been loaded (v7.5.0.201028)
  License: 55-D87C-D50F-D6 IDA PRO 7.5 SP3 (99 users)
  The hotkeys are F5: decompile, Ctrl-F5: decompile all.
  Please check the Edit/Plugins menu for more informaton.
IDAPython Hex-Rays bindings initialized.
BinDiff 6 (@297836223, Feb 28 2020), (c)2004-2011 zynamics GmbH, (c)2011-2020 Google LLC.
Error: Could not load configuration file, skipping BinDiff plugin.
[DATABASE] PostgreSQL connection open
[DATABASE] PostgreSQL connection closed
Flushing buffers, please wait...ok
Unloading IDP module C:\Users\mbks\Desktop\goodprogram\IDAPro7.5\procs\pc64.dll...
BinDiff 6 (@297836223, Feb 28 2020), (c)2004-2011 zynamics GmbH, (c)2011-2020 Google LLC.
Error: Could not load configuration file, skipping BinDiff plugin.
BinExport 11 (@297836223, Feb 28 2020), (c)2004-2011 zynamics GmbH, (c)2011-2020 Google LLC.

  bytes   pages size description
--------- ----- ---- --------------------------------------------
  4997120   610 8192 allocating memory for b-tree...
  2990080   365 8192 allocating memory for virtual array...
   262144    32 8192 allocating memory for name pointers...
-----------------------------------------------------------------
  8249344            total memory allocated

Loading processor module C:\Users\mbks\Desktop\goodprogram\IDAPro7.5\procs\pc64.dll for metapc...Initializing processor module metapc...OK
Loading type libraries...
Autoanalysis subsystem has been initialized.
Database for file 'kernel32.dll' has been loaded.
Hex-Rays Decompiler plugin has been loaded (v7.5.0.201028)
  License: 55-D87C-D50F-D6 IDA PRO 7.5 SP3 (99 users)
  The hotkeys are F5: decompile, Ctrl-F5: decompile all.
  Please check the Edit/Plugins menu for more informaton.
IDAPython Hex-Rays bindings initialized.
BinDiff 6 (@297836223, Feb 28 2020), (c)2004-2011 zynamics GmbH, (c)2011-2020 Google LLC.
Error: Could not load configuration file, skipping BinDiff plugin.
[DATABASE] PostgreSQL connection open
[DATABASE] PostgreSQL connection closed
Flushing buffers, please wait...ok
Unloading IDP module C:\Users\mbks\Desktop\goodprogram\IDAPro7.5\procs\pc64.dll...
BinDiff 6 (@297836223, Feb 28 2020), (c)2004-2011 zynamics GmbH, (c)2011-2020 Google LLC.
Error: Could not load configuration file, skipping BinDiff plugin.
BinExport 11 (@297836223, Feb 28 2020), (c)2004-2011 zynamics GmbH, (c)2011-2020 Google LLC.

  bytes   pages size description
--------- ----- ---- --------------------------------------------
  4997120   610 8192 allocating memory for b-tree...
  2990080   365 8192 allocating memory for virtual array...
   262144    32 8192 allocating memory for name pointers...
-----------------------------------------------------------------
  8249344            total memory allocated

Loading processor module C:\Users\mbks\Desktop\goodprogram\IDAPro7.5\procs\pc64.dll for metapc...Initializing processor module metapc...OK
Loading type libraries...
Autoanalysis subsystem has been initialized.
Database for file 'kernel32.dll' has been loaded.
Hex-Rays Decompiler plugin has been loaded (v7.5.0.201028)
  License: 55-D87C-D50F-D6 IDA PRO 7.5 SP3 (99 users)
  The hotkeys are F5: decompile, Ctrl-F5: decompile all.
  Please check the Edit/Plugins menu for more informaton.
IDAPython Hex-Rays bindings initialized.
BinDiff 6 (@297836223, Feb 28 2020), (c)2004-2011 zynamics GmbH, (c)2011-2020 Google LLC.
Error: Could not load configuration file, skipping BinDiff plugin.
[DATABASE] PostgreSQL connection open
[DATABASE] PostgreSQL connection closed
Flushing buffers, please wait...ok
Unloading IDP module C:\Users\mbks\Desktop\goodprogram\IDAPro7.5\procs\pc64.dll...
BinDiff 6 (@297836223, Feb 28 2020), (c)2004-2011 zynamics GmbH, (c)2011-2020 Google LLC.
Error: Could not load configuration file, skipping BinDiff plugin.
BinExport 11 (@297836223, Feb 28 2020), (c)2004-2011 zynamics GmbH, (c)2011-2020 Google LLC.

  bytes   pages size description
--------- ----- ---- --------------------------------------------
  4997120   610 8192 allocating memory for b-tree...
  2990080   365 8192 allocating memory for virtual array...
   262144    32 8192 allocating memory for name pointers...
-----------------------------------------------------------------
  8249344            total memory allocated

Loading processor module C:\Users\mbks\Desktop\goodprogram\IDAPro7.5\procs\pc64.dll for metapc...Initializing processor module metapc...OK
Loading type libraries...
Autoanalysis subsystem has been initialized.
Database for file 'kernel32.dll' has been loaded.
Hex-Rays Decompiler plugin has been loaded (v7.5.0.201028)
  License: 55-D87C-D50F-D6 IDA PRO 7.5 SP3 (99 users)
  The hotkeys are F5: decompile, Ctrl-F5: decompile all.
  Please check the Edit/Plugins menu for more informaton.
IDAPython Hex-Rays bindings initialized.
BinDiff 6 (@297836223, Feb 28 2020), (c)2004-2011 zynamics GmbH, (c)2011-2020 Google LLC.
Error: Could not load configuration file, skipping BinDiff plugin.
C:\Users\mbks\Desktop\goodprogram\comparator\get_statistic\for_libs.py: No module named 'get_statistic'
Traceback (most recent call last):
  File "C:\Users\mbks\Desktop\goodprogram\IDAPro7.5\python\3\ida_idaapi.py", line 616, in IDAPython_ExecScript
    exec(code, g)
  File "C:/Users/mbks/Desktop/goodprogram/comparator/get_statistic/for_libs.py", line 4, in <module>
    from get_statistic.statistic import entry_point
ModuleNotFoundError: No module named 'get_statistic'
 -> OK
Flushing buffers, please wait...ok
Unloading IDP module C:\Users\mbks\Desktop\goodprogram\IDAPro7.5\procs\pc64.dll...
BinDiff 6 (@297836223, Feb 28 2020), (c)2004-2011 zynamics GmbH, (c)2011-2020 Google LLC.
Error: Could not load configuration file, skipping BinDiff plugin.
BinExport 11 (@297836223, Feb 28 2020), (c)2004-2011 zynamics GmbH, (c)2011-2020 Google LLC.
IDA has found an unpacked version of database: C:\Users\mbks\Desktop\goodprogram\comparator\get_statistic\compiling_database_files\kernel32.i64
on the disk.

Should we proceed with the unpacked files?
 -> Pro~c~eed with unpacked base

  bytes   pages size description
--------- ----- ---- --------------------------------------------
  4997120   610 8192 allocating memory for b-tree...
  2990080   365 8192 allocating memory for virtual array...
   262144    32 8192 allocating memory for name pointers...
-----------------------------------------------------------------
  8249344            total memory allocated

Loading processor module C:\Users\mbks\Desktop\goodprogram\IDAPro7.5\procs\pc64.dll for metapc...Initializing processor module metapc...OK
Loading type libraries...
Autoanalysis subsystem has been initialized.
Database for file 'kernel32.dll' has been loaded.
Hex-Rays Decompiler plugin has been loaded (v7.5.0.201028)
  License: 55-D87C-D50F-D6 IDA PRO 7.5 SP3 (99 users)
  The hotkeys are F5: decompile, Ctrl-F5: decompile all.
  Please check the Edit/Plugins menu for more informaton.
IDAPython Hex-Rays bindings initialized.
BinDiff 6 (@297836223, Feb 28 2020), (c)2004-2011 zynamics GmbH, (c)2011-2020 Google LLC.
Error: Could not load configuration file, skipping BinDiff plugin.
C:\Users\mbks\Desktop\goodprogram\comparator\get_statistic\for_libs.py: No module named 'get_statistic'
Traceback (most recent call last):
  File "C:\Users\mbks\Desktop\goodprogram\IDAPro7.5\python\3\ida_idaapi.py", line 616, in IDAPython_ExecScript
    exec(code, g)
  File "C:/Users/mbks/Desktop/goodprogram/comparator/get_statistic/for_libs.py", line 4, in <module>
    from get_statistic.statistic import entry_point
ModuleNotFoundError: No module named 'get_statistic'
 -> OK
Flushing buffers, please wait...ok
Unloading IDP module C:\Users\mbks\Desktop\goodprogram\IDAPro7.5\procs\pc64.dll...
BinDiff 6 (@297836223, Feb 28 2020), (c)2004-2011 zynamics GmbH, (c)2011-2020 Google LLC.
Error: Could not load configuration file, skipping BinDiff plugin.
BinExport 11 (@297836223, Feb 28 2020), (c)2004-2011 zynamics GmbH, (c)2011-2020 Google LLC.
IDA has found an unpacked version of database: C:\Users\mbks\Desktop\goodprogram\comparator\get_statistic\compiling_database_files\kernel32.i64
on the disk.

Should we proceed with the unpacked files?
 -> Pro~c~eed with unpacked base

  bytes   pages size description
--------- ----- ---- --------------------------------------------
  4997120   610 8192 allocating memory for b-tree...
  2990080   365 8192 allocating memory for virtual array...
   262144    32 8192 allocating memory for name pointers...
-----------------------------------------------------------------
  8249344            total memory allocated

Loading processor module C:\Users\mbks\Desktop\goodprogram\IDAPro7.5\procs\pc64.dll for metapc...Initializing processor module metapc...OK
Loading type libraries...
Autoanalysis subsystem has been initialized.
Database for file 'kernel32.dll' has been loaded.
Hex-Rays Decompiler plugin has been loaded (v7.5.0.201028)
  License: 55-D87C-D50F-D6 IDA PRO 7.5 SP3 (99 users)
  The hotkeys are F5: decompile, Ctrl-F5: decompile all.
  Please check the Edit/Plugins menu for more informaton.
IDAPython Hex-Rays bindings initialized.
BinDiff 6 (@297836223, Feb 28 2020), (c)2004-2011 zynamics GmbH, (c)2011-2020 Google LLC.
Error: Could not load configuration file, skipping BinDiff plugin.
C:\Users\mbks\Desktop\goodprogram\comparator\get_statistic\for_libs.py: No module named 'get_statistic'
Traceback (most recent call last):
  File "C:\Users\mbks\Desktop\goodprogram\IDAPro7.5\python\3\ida_idaapi.py", line 616, in IDAPython_ExecScript
    exec(code, g)
  File "C:/Users/mbks/Desktop/goodprogram/comparator/get_statistic/for_libs.py", line 4, in <module>
    from get_statistic.statistic import entry_point
ModuleNotFoundError: No module named 'get_statistic'
 -> OK
Flushing buffers, please wait...ok
Unloading IDP module C:\Users\mbks\Desktop\goodprogram\IDAPro7.5\procs\pc64.dll...
BinDiff 6 (@297836223, Feb 28 2020), (c)2004-2011 zynamics GmbH, (c)2011-2020 Google LLC.
Error: Could not load configuration file, skipping BinDiff plugin.
BinExport 11 (@297836223, Feb 28 2020), (c)2004-2011 zynamics GmbH, (c)2011-2020 Google LLC.
IDA has found an unpacked version of database: C:\Users\mbks\Desktop\goodprogram\comparator\get_statistic\compiling_database_files\kernel32.i64
on the disk.

Should we proceed with the unpacked files?
 -> Pro~c~eed with unpacked base

  bytes   pages size description
--------- ----- ---- --------------------------------------------
  4997120   610 8192 allocating memory for b-tree...
  2990080   365 8192 allocating memory for virtual array...
   262144    32 8192 allocating memory for name pointers...
-----------------------------------------------------------------
  8249344            total memory allocated

Loading processor module C:\Users\mbks\Desktop\goodprogram\IDAPro7.5\procs\pc64.dll for metapc...Initializing processor module metapc...OK
Loading type libraries...
Autoanalysis subsystem has been initialized.
Database for file 'kernel32.dll' has been loaded.
Hex-Rays Decompiler plugin has been loaded (v7.5.0.201028)
  License: 55-D87C-D50F-D6 IDA PRO 7.5 SP3 (99 users)
  The hotkeys are F5: decompile, Ctrl-F5: decompile all.
  Please check the Edit/Plugins menu for more informaton.
IDAPython Hex-Rays bindings initialized.
BinDiff 6 (@297836223, Feb 28 2020), (c)2004-2011 zynamics GmbH, (c)2011-2020 Google LLC.
Error: Could not load configuration file, skipping BinDiff plugin.
[DATABASE] PostgreSQL connection open
[DATABASE] PostgreSQL connection closed
Flushing buffers, please wait...ok
Unloading IDP module C:\Users\mbks\Desktop\goodprogram\IDAPro7.5\procs\pc64.dll...
BinDiff 6 (@297836223, Feb 28 2020), (c)2004-2011 zynamics GmbH, (c)2011-2020 Google LLC.
Error: Could not load configuration file, skipping BinDiff plugin.
BinExport 11 (@297836223, Feb 28 2020), (c)2004-2011 zynamics GmbH, (c)2011-2020 Google LLC.

  bytes   pages size description
--------- ----- ---- --------------------------------------------
  4997120   610 8192 allocating memory for b-tree...
  2990080   365 8192 allocating memory for virtual array...
   262144    32 8192 allocating memory for name pointers...
-----------------------------------------------------------------
  8249344            total memory allocated

Loading processor module C:\Users\mbks\Desktop\goodprogram\IDAPro7.5\procs\pc64.dll for metapc...Initializing processor module metapc...OK
Loading type libraries...
Autoanalysis subsystem has been initialized.
Database for file 'kernel32.dll' has been loaded.
Hex-Rays Decompiler plugin has been loaded (v7.5.0.201028)
  License: 55-D87C-D50F-D6 IDA PRO 7.5 SP3 (99 users)
  The hotkeys are F5: decompile, Ctrl-F5: decompile all.
  Please check the Edit/Plugins menu for more informaton.
IDAPython Hex-Rays bindings initialized.
BinDiff 6 (@297836223, Feb 28 2020), (c)2004-2011 zynamics GmbH, (c)2011-2020 Google LLC.
Error: Could not load configuration file, skipping BinDiff plugin.
[DATABASE] PostgreSQL connection open
[DATABASE] PostgreSQL connection closed
Flushing buffers, please wait...ok
Unloading IDP module C:\Users\mbks\Desktop\goodprogram\IDAPro7.5\procs\pc64.dll...
BinDiff 6 (@297836223, Feb 28 2020), (c)2004-2011 zynamics GmbH, (c)2011-2020 Google LLC.
Error: Could not load configuration file, skipping BinDiff plugin.
BinExport 11 (@297836223, Feb 28 2020), (c)2004-2011 zynamics GmbH, (c)2011-2020 Google LLC.

  bytes   pages size description
--------- ----- ---- --------------------------------------------
  4997120   610 8192 allocating memory for b-tree...
  2990080   365 8192 allocating memory for virtual array...
   262144    32 8192 allocating memory for name pointers...
-----------------------------------------------------------------
  8249344            total memory allocated

Loading processor module C:\Users\mbks\Desktop\goodprogram\IDAPro7.5\procs\pc64.dll for metapc...Initializing processor module metapc...OK
Loading type libraries...
Autoanalysis subsystem has been initialized.
Database for file 'kernel32.dll' has been loaded.
Hex-Rays Decompiler plugin has been loaded (v7.5.0.201028)
  License: 55-D87C-D50F-D6 IDA PRO 7.5 SP3 (99 users)
  The hotkeys are F5: decompile, Ctrl-F5: decompile all.
  Please check the Edit/Plugins menu for more informaton.
IDAPython Hex-Rays bindings initialized.
BinDiff 6 (@297836223, Feb 28 2020), (c)2004-2011 zynamics GmbH, (c)2011-2020 Google LLC.
Error: Could not load configuration file, skipping BinDiff plugin.
[DATABASE] PostgreSQL connection open
[DATABASE] PostgreSQL connection closed
Flushing buffers, please wait...ok
Unloading IDP module C:\Users\mbks\Desktop\goodprogram\IDAPro7.5\procs\pc64.dll...
BinDiff 6 (@297836223, Feb 28 2020), (c)2004-2011 zynamics GmbH, (c)2011-2020 Google LLC.
Error: Could not load configuration file, skipping BinDiff plugin.
BinExport 11 (@297836223, Feb 28 2020), (c)2004-2011 zynamics GmbH, (c)2011-2020 Google LLC.

  bytes   pages size description
--------- ----- ---- --------------------------------------------
  4997120   610 8192 allocating memory for b-tree...
  2990080   365 8192 allocating memory for virtual array...
   262144    32 8192 allocating memory for name pointers...
-----------------------------------------------------------------
  8249344            total memory allocated

Loading processor module C:\Users\mbks\Desktop\goodprogram\IDAPro7.5\procs\pc64.dll for metapc...Initializing processor module metapc...OK
Loading type libraries...
Autoanalysis subsystem has been initialized.
Database for file 'kernel32.dll' has been loaded.
Hex-Rays Decompiler plugin has been loaded (v7.5.0.201028)
  License: 55-D87C-D50F-D6 IDA PRO 7.5 SP3 (99 users)
  The hotkeys are F5: decompile, Ctrl-F5: decompile all.
  Please check the Edit/Plugins menu for more informaton.
IDAPython Hex-Rays bindings initialized.
BinDiff 6 (@297836223, Feb 28 2020), (c)2004-2011 zynamics GmbH, (c)2011-2020 Google LLC.
Error: Could not load configuration file, skipping BinDiff plugin.
[DATABASE] PostgreSQL connection open
[DATABASE] PostgreSQL connection closed
Flushing buffers, please wait...ok
Unloading IDP module C:\Users\mbks\Desktop\goodprogram\IDAPro7.5\procs\pc64.dll...
BinDiff 6 (@297836223, Feb 28 2020), (c)2004-2011 zynamics GmbH, (c)2011-2020 Google LLC.
Error: Could not load configuration file, skipping BinDiff plugin.
BinExport 11 (@297836223, Feb 28 2020), (c)2004-2011 zynamics GmbH, (c)2011-2020 Google LLC.

  bytes   pages size description
--------- ----- ---- --------------------------------------------
  4997120   610 8192 allocating memory for b-tree...
  2990080   365 8192 allocating memory for virtual array...
   262144    32 8192 allocating memory for name pointers...
-----------------------------------------------------------------
  8249344            total memory allocated

Loading processor module C:\Users\mbks\Desktop\goodprogram\IDAPro7.5\procs\pc64.dll for metapc...Initializing processor module metapc...OK
Loading type libraries...
Autoanalysis subsystem has been initialized.
Database for file 'kernel32.dll' has been loaded.
Hex-Rays Decompiler plugin has been loaded (v7.5.0.201028)
  License: 55-D87C-D50F-D6 IDA PRO 7.5 SP3 (99 users)
  The hotkeys are F5: decompile, Ctrl-F5: decompile all.
  Please check the Edit/Plugins menu for more informaton.
IDAPython Hex-Rays bindings initialized.
BinDiff 6 (@297836223, Feb 28 2020), (c)2004-2011 zynamics GmbH, (c)2011-2020 Google LLC.
Error: Could not load configuration file, skipping BinDiff plugin.
[DATABASE] PostgreSQL connection open
[DATABASE] PostgreSQL connection closed
Flushing buffers, please wait...ok
Unloading IDP module C:\Users\mbks\Desktop\goodprogram\IDAPro7.5\procs\pc64.dll...
